ERROR [main] org.example.client.model.CoreClient - Failed copying default memoryBox.json
java.io.FileNotFoundException: localStorage\memoryBox.json (The system cannot find the path specified)
	at java.base/java.io.FileOutputStream.open0(Native Method)
	at java.base/java.io.FileOutputStream.open(FileOutputStream.java:289)
	at java.base/java.io.FileOutputStream.<init>(FileOutputStream.java:230)
	at java.base/java.io.FileOutputStream.<init>(FileOutputStream.java:179)
	at org.example.client.model.CoreClient.copyDefaultMemoryBox(CoreClient.java:119)
	at org.example.client.model.CoreClient.<init>(CoreClient.java:39)
	at org.example.client.InitClient.main(InitClient.java:11)
ERROR [main] o.e.common.utils.gson.GsonHelper - java.io.FileNotFoundException: localStorage\memoryBox.json (The system cannot find the path specified)
ERROR [main] org.example.client.model.CoreClient - Failed copying default memoryBox.json
java.io.FileNotFoundException: localStorage\memoryBox.json (The system cannot find the path specified)
	at java.base/java.io.FileOutputStream.open0(Native Method)
	at java.base/java.io.FileOutputStream.open(FileOutputStream.java:289)
	at java.base/java.io.FileOutputStream.<init>(FileOutputStream.java:230)
	at java.base/java.io.FileOutputStream.<init>(FileOutputStream.java:179)
	at org.example.client.model.CoreClient.copyDefaultMemoryBox(CoreClient.java:119)
	at org.example.client.model.CoreClient.<init>(CoreClient.java:39)
	at org.example.client.InitClient.main(InitClient.java:11)
ERROR [main] o.e.common.utils.gson.GsonHelper - java.io.FileNotFoundException: localStorage\memoryBox.json (The system cannot find the path specified)
